[debug] [2024-11-21T18:11:20.374Z] ----------------------------------------------------------------------
[debug] [2024-11-21T18:11:20.378Z] Command:       C:\Program Files\nodejs\node.exe C:\Users\Computer\AppData\Roaming\npm\node_modules\firebase-tools\lib\bin\firebase.js init
[debug] [2024-11-21T18:11:20.378Z] CLI Version:   13.26.0
[debug] [2024-11-21T18:11:20.379Z] Platform:      win32
[debug] [2024-11-21T18:11:20.379Z] Node Version:  v22.11.0
[debug] [2024-11-21T18:11:20.379Z] Time:          Thu Nov 21 2024 10:11:20 GMT-0800 (Pacific Standard Time)
[debug] [2024-11-21T18:11:20.379Z] ----------------------------------------------------------------------
[debug] 
[debug] [2024-11-21T18:11:20.458Z] > command requires scopes: ["email","openid","https://www.googleapis.com/auth/cloudplatformprojects.readonly","https://www.googleapis.com/auth/firebase","https://www.googleapis.com/auth/cloud-platform"]
[debug] [2024-11-21T18:11:20.459Z] > authorizing via signed-in user (dagimabate456@gmail.com)
[info] 
     ######## #### ########  ######## ########     ###     ######  ########
     ##        ##  ##     ## ##       ##     ##  ##   ##  ##       ##
     ######    ##  ########  ######   ########  #########  ######  ######
     ##        ##  ##    ##  ##       ##     ## ##     ##       ## ##
     ##       #### ##     ## ######## ########  ##     ##  ######  ########

You're about to initialize a Firebase project in this directory:

  C:\Users\Computer\Documents\web projects\Backendprojects\Netflixclone\my-app

Before we get started, keep in mind:

  * You are initializing within an existing Firebase project directory

[info] 
=== Project Setup
[info] 
[info] First, let's associate this project directory with a Firebase project.
[info] You can create multiple project aliases by running firebase use --add, 
[info] but for now we'll just set up a default project.
[info] 
[debug] [2024-11-21T18:11:32.200Z] Using project from CLI flag: netflixclone-6d87b
[debug] [2024-11-21T18:11:32.201Z] Checked if tokens are valid: true, expires at: 1732216256890
[debug] [2024-11-21T18:11:32.201Z] Checked if tokens are valid: true, expires at: 1732216256890
[debug] [2024-11-21T18:11:32.203Z] >>> [apiv2][query] GET https://firebase.googleapis.com/v1beta1/projects/netflixclone-6d87b [none]
[debug] [2024-11-21T18:11:38.214Z] <<< [apiv2][status] GET https://firebase.googleapis.com/v1beta1/projects/netflixclone-6d87b 200
[debug] [2024-11-21T18:11:38.214Z] <<< [apiv2][body] GET https://firebase.googleapis.com/v1beta1/projects/netflixclone-6d87b {"projectId":"netflixclone-6d87b","projectNumber":"557397730996","displayName":"Netflixclone","name":"projects/netflixclone-6d87b","resources":{"hostingSite":"netflixclone-6d87b"},"state":"ACTIVE","etag":"1_d649345a-7e2d-4958-854f-8b55545c6979"}
[info] i  Using project netflixclone-6d87b (Netflixclone) 
[info] 
=== Hosting Setup
[debug] [2024-11-21T18:11:38.222Z] Checked if tokens are valid: true, expires at: 1732216256890
[debug] [2024-11-21T18:11:38.223Z] Checked if tokens are valid: true, expires at: 1732216256890
[debug] [2024-11-21T18:11:38.223Z] >>> [apiv2][query] GET https://firebase.googleapis.com/v1beta1/projects/netflixclone-6d87b [none]
[debug] [2024-11-21T18:11:39.453Z] <<< [apiv2][status] GET https://firebase.googleapis.com/v1beta1/projects/netflixclone-6d87b 200
[debug] [2024-11-21T18:11:39.453Z] <<< [apiv2][body] GET https://firebase.googleapis.com/v1beta1/projects/netflixclone-6d87b {"projectId":"netflixclone-6d87b","projectNumber":"557397730996","displayName":"Netflixclone","name":"projects/netflixclone-6d87b","resources":{"hostingSite":"netflixclone-6d87b"},"state":"ACTIVE","etag":"1_d649345a-7e2d-4958-854f-8b55545c6979"}
[info] 
[info] Your public directory is the folder (relative to your project directory) that
[info] will contain Hosting assets to be uploaded with firebase deploy. If you
[info] have a build process for your assets, use your build's output directory.
[info] 
[debug] [2024-11-21T18:14:30.647Z] >>> [apiv2][query] GET https://www.gstatic.com/firebasejs/releases.json [none]
[debug] [2024-11-21T18:14:32.857Z] <<< [apiv2][status] GET https://www.gstatic.com/firebasejs/releases.json 200
[debug] [2024-11-21T18:14:32.857Z] <<< [apiv2][body] GET https://www.gstatic.com/firebasejs/releases.json {"current":{"version":"11.0.2","browserURL":"https://www.gstatic.com/firebasejs/11.0.2/firebase.js","packageURL":"https://www.gstatic.com/firebasejs/11.0.2/firebase.tgz"},"live":{"version":"11.0","browserURL":"https://www.gstatic.com/firebasejs/live/11.0/firebase.js","packageURL":"https://www.gstatic.com/firebasejs/live/11.0/firebase.tgz"},"components":{"analytics":"https://www.gstatic.com/firebasejs/11.0.2/firebase-analytics.js","app":"https://www.gstatic.com/firebasejs/11.0.2/firebase-app.js","app-check":"https://www.gstatic.com/firebasejs/11.0.2/firebase-app-check.js","auth":"https://www.gstatic.com/firebasejs/11.0.2/firebase-auth.js","auth/cordova":"https://www.gstatic.com/firebasejs/11.0.2/firebase-auth/cordova.js","auth/web-extension":"https://www.gstatic.com/firebasejs/11.0.2/firebase-auth/web-extension.js","functions":"https://www.gstatic.com/firebasejs/11.0.2/firebase-functions.js","firestore":"https://www.gstatic.com/firebasejs/11.0.2/firebase-firestore.js","firestore/lite":"https://www.gstatic.com/firebasejs/11.0.2/firebase-firestore/lite.js","installations":"https://www.gstatic.com/firebasejs/11.0.2/firebase-installations.js","storage":"https://www.gstatic.com/firebasejs/11.0.2/firebase-storage.js","performance":"https://www.gstatic.com/firebasejs/11.0.2/firebase-performance.js","remote-config":"https://www.gstatic.com/firebasejs/11.0.2/firebase-remote-config.js","messaging":"https://www.gstatic.com/firebasejs/11.0.2/firebase-messaging.js","messaging/sw":"https://www.gstatic.com/firebasejs/11.0.2/firebase-messaging/sw.js","database":"https://www.gstatic.com/firebasejs/11.0.2/firebase-database.js","vertexai":"https://www.gstatic.com/firebasejs/11.0.2/firebase-vertexai.js","data-connect":"https://www.gstatic.com/firebasejs/11.0.2/firebase-data-connect.js","firestore.memory":"https://www.gstatic.com/firebasejs/11.0.2/firebase-firestore.memory.js"}}
[info] +  Wrote build/index.html 
[info] 
[info] i  Writing configuration info to firebase.json... 
[info] i  Writing project information to .firebaserc... 
[info] 
[info] +  Firebase initialization complete! 
[debug] [2024-11-21T18:15:23.085Z] Error: Timed out.
    at Timeout._onTimeout (C:\Users\Computer\AppData\Roaming\npm\node_modules\firebase-tools\lib\utils.js:269:49)
    at listOnTimeout (node:internal/timers:594:17)
    at process.processTimers (node:internal/timers:529:7)
[error] 
[error] Error: An unexpected error has occurred.
[debug] [2024-11-21T18:16:50.660Z] ----------------------------------------------------------------------
[debug] [2024-11-21T18:16:50.663Z] Command:       C:\Program Files\nodejs\node.exe C:\Users\Computer\AppData\Roaming\npm\node_modules\firebase-tools\lib\bin\firebase.js deploy
[debug] [2024-11-21T18:16:50.665Z] CLI Version:   13.26.0
[debug] [2024-11-21T18:16:50.665Z] Platform:      win32
[debug] [2024-11-21T18:16:50.665Z] Node Version:  v22.11.0
[debug] [2024-11-21T18:16:50.665Z] Time:          Thu Nov 21 2024 10:16:50 GMT-0800 (Pacific Standard Time)
[debug] [2024-11-21T18:16:50.665Z] ----------------------------------------------------------------------
[debug] 
[debug] [2024-11-21T18:16:50.754Z] > command requires scopes: ["email","openid","https://www.googleapis.com/auth/cloudplatformprojects.readonly","https://www.googleapis.com/auth/firebase","https://www.googleapis.com/auth/cloud-platform"]
[debug] [2024-11-21T18:16:50.754Z] > authorizing via signed-in user (dagimabate456@gmail.com)
[debug] [2024-11-21T18:16:50.754Z] [iam] checking project netflixclone-6d87b for permissions ["firebase.projects.get","firebasehosting.sites.update"]
[debug] [2024-11-21T18:16:50.756Z] Checked if tokens are valid: true, expires at: 1732216256890
[debug] [2024-11-21T18:16:50.756Z] Checked if tokens are valid: true, expires at: 1732216256890
[debug] [2024-11-21T18:16:50.757Z] >>> [apiv2][query] POST https://cloudresourcemanager.googleapis.com/v1/projects/netflixclone-6d87b:testIamPermissions [none]
[debug] [2024-11-21T18:16:50.757Z] >>> [apiv2][(partial)header] POST https://cloudresourcemanager.googleapis.com/v1/projects/netflixclone-6d87b:testIamPermissions x-goog-quota-user=projects/netflixclone-6d87b
[debug] [2024-11-21T18:16:50.757Z] >>> [apiv2][body] POST https://cloudresourcemanager.googleapis.com/v1/projects/netflixclone-6d87b:testIamPermissions {"permissions":["firebase.projects.get","firebasehosting.sites.update"]}
[debug] [2024-11-21T18:17:47.239Z] *** [apiv2] error from fetch(https://cloudresourcemanager.googleapis.com/v1/projects/netflixclone-6d87b:testIamPermissions, {"headers":{},"method":"POST","body":"{\"permissions\":[\"firebase.projects.get\",\"firebasehosting.sites.update\"]}"}): FetchError: request to https://cloudresourcemanager.googleapis.com/v1/projects/netflixclone-6d87b:testIamPermissions failed, reason: socket hang up
[debug] [2024-11-21T18:17:47.240Z] [iam] error while checking permissions, command may fail: Failed to make request to https://cloudresourcemanager.googleapis.com/v1/projects/netflixclone-6d87b:testIamPermissions
[debug] [2024-11-21T18:17:47.242Z] Checked if tokens are valid: true, expires at: 1732216256890
[debug] [2024-11-21T18:17:47.242Z] Checked if tokens are valid: true, expires at: 1732216256890
[debug] [2024-11-21T18:17:47.243Z] >>> [apiv2][query] GET https://firebase.googleapis.com/v1beta1/projects/netflixclone-6d87b [none]
[debug] [2024-11-21T18:18:13.859Z] <<< [apiv2][status] GET https://firebase.googleapis.com/v1beta1/projects/netflixclone-6d87b 200
[debug] [2024-11-21T18:18:13.859Z] <<< [apiv2][body] GET https://firebase.googleapis.com/v1beta1/projects/netflixclone-6d87b {"projectId":"netflixclone-6d87b","projectNumber":"557397730996","displayName":"Netflixclone","name":"projects/netflixclone-6d87b","resources":{"hostingSite":"netflixclone-6d87b"},"state":"ACTIVE","etag":"1_d649345a-7e2d-4958-854f-8b55545c6979"}
[info] 
[info] === Deploying to 'netflixclone-6d87b'...
[info] 
[info] i  deploying hosting 
[debug] [2024-11-21T18:18:13.868Z] Checked if tokens are valid: true, expires at: 1732216256890
[debug] [2024-11-21T18:18:13.868Z] Checked if tokens are valid: true, expires at: 1732216256890
[debug] [2024-11-21T18:18:13.869Z] >>> [apiv2][query] POST https://firebasehosting.googleapis.com/v1beta1/projects/-/sites/netflixclone-6d87b/versions [none]
[debug] [2024-11-21T18:18:13.869Z] >>> [apiv2][body] POST https://firebasehosting.googleapis.com/v1beta1/projects/-/sites/netflixclone-6d87b/versions {"status":"CREATED","labels":{"deployment-tool":"cli-firebase"}}
